  SoundManager.cpp
glfw3.lib(context.c.obj) : warning LNK4006: _glfwChooseFBConfig already defined in BetaLow_x64_D.lib(context.c.obj); second definition ignored
glfw3.lib(context.c.obj) : warning LNK4006: _glfwIsValidContextConfig already defined in BetaLow_x64_D.lib(context.c.obj); second definition ignored
glfw3.lib(context.c.obj) : warning LNK4006: _glfwRefreshContextAttribs already defined in BetaLow_x64_D.lib(context.c.obj); second definition ignored
glfw3.lib(context.c.obj) : warning LNK4006: _glfwStringInExtensionString already defined in BetaLow_x64_D.lib(context.c.obj); second definition ignored
glfw3.lib(context.c.obj) : warning LNK4006: glfwExtensionSupported already defined in BetaLow_x64_D.lib(context.c.obj); second definition ignored
glfw3.lib(context.c.obj) : warning LNK4006: glfwGetCurrentContext already defined in BetaLow_x64_D.lib(context.c.obj); second definition ignored
glfw3.lib(context.c.obj) : warning LNK4006: glfwGetProcAddress already defined in BetaLow_x64_D.lib(context.c.obj); second definition ignored
glfw3.lib(context.c.obj) : warning LNK4006: glfwMakeContextCurrent already defined in BetaLow_x64_D.lib(context.c.obj); second definition ignored
glfw3.lib(context.c.obj) : warning LNK4006: glfwSwapBuffers already defined in BetaLow_x64_D.lib(context.c.obj); second definition ignored
glfw3.lib(context.c.obj) : warning LNK4006: glfwSwapInterval already defined in BetaLow_x64_D.lib(context.c.obj); second definition ignored
glfw3.lib(context.c.obj) : warning LNK4221: This object file does not define any previously undefined public symbols, so it will not be used by any link operation that consumes this library
glfw3.lib(init.c.obj) : warning LNK4006: _glfwInputError already defined in BetaLow_x64_D.lib(init.c.obj); second definition ignored
glfw3.lib(init.c.obj) : warning LNK4006: glfwGetVersion already defined in BetaLow_x64_D.lib(init.c.obj); second definition ignored
glfw3.lib(init.c.obj) : warning LNK4006: glfwGetVersionString already defined in BetaLow_x64_D.lib(init.c.obj); second definition ignored
glfw3.lib(init.c.obj) : warning LNK4006: glfwInit already defined in BetaLow_x64_D.lib(init.c.obj); second definition ignored
glfw3.lib(init.c.obj) : warning LNK4006: glfwSetErrorCallback already defined in BetaLow_x64_D.lib(init.c.obj); second definition ignored
glfw3.lib(init.c.obj) : warning LNK4006: glfwTerminate already defined in BetaLow_x64_D.lib(init.c.obj); second definition ignored
glfw3.lib(init.c.obj) : warning LNK4006: _glfwInitialized already defined in BetaLow_x64_D.lib(init.c.obj); second definition ignored
glfw3.lib(init.c.obj) : warning LNK4221: This object file does not define any previously undefined public symbols, so it will not be used by any link operation that consumes this library
glfw3.lib(input.c.obj) : warning LNK4006: _glfwInputChar already defined in BetaLow_x64_D.lib(input.c.obj); second definition ignored
glfw3.lib(input.c.obj) : warning LNK4006: _glfwInputCursorEnter already defined in BetaLow_x64_D.lib(input.c.obj); second definition ignored
glfw3.lib(input.c.obj) : warning LNK4006: _glfwInputCursorPos already defined in BetaLow_x64_D.lib(input.c.obj); second definition ignored
glfw3.lib(input.c.obj) : warning LNK4006: _glfwInputDrop already defined in BetaLow_x64_D.lib(input.c.obj); second definition ignored
glfw3.lib(input.c.obj) : warning LNK4006: _glfwInputJoystickChange already defined in BetaLow_x64_D.lib(input.c.obj); second definition ignored
glfw3.lib(input.c.obj) : warning LNK4006: _glfwInputKey already defined in BetaLow_x64_D.lib(input.c.obj); second definition ignored
glfw3.lib(input.c.obj) : warning LNK4006: _glfwInputMouseClick already defined in BetaLow_x64_D.lib(input.c.obj); second definition ignored
glfw3.lib(input.c.obj) : warning LNK4006: _glfwInputScroll already defined in BetaLow_x64_D.lib(input.c.obj); second definition ignored
glfw3.lib(input.c.obj) : warning LNK4006: _glfwIsPrintable already defined in BetaLow_x64_D.lib(input.c.obj); second definition ignored
glfw3.lib(input.c.obj) : warning LNK4006: glfwCreateCursor already defined in BetaLow_x64_D.lib(input.c.obj); second definition ignored
glfw3.lib(input.c.obj) : warning LNK4006: glfwCreateStandardCursor already defined in BetaLow_x64_D.lib(input.c.obj); second definition ignored
glfw3.lib(input.c.obj) : warning LNK4006: glfwDestroyCursor already defined in BetaLow_x64_D.lib(input.c.obj); second definition ignored
glfw3.lib(input.c.obj) : warning LNK4006: glfwGetClipboardString already defined in BetaLow_x64_D.lib(input.c.obj); second definition ignored
glfw3.lib(input.c.obj) : warning LNK4006: glfwGetCursorPos already defined in BetaLow_x64_D.lib(input.c.obj); second definition ignored
glfw3.lib(input.c.obj) : warning LNK4006: glfwGetInputMode already defined in BetaLow_x64_D.lib(input.c.obj); second definition ignored
glfw3.lib(input.c.obj) : warning LNK4006: glfwGetJoystickAxes already defined in BetaLow_x64_D.lib(input.c.obj); second definition ignored
glfw3.lib(input.c.obj) : warning LNK4006: glfwGetJoystickButtons already defined in BetaLow_x64_D.lib(input.c.obj); second definition ignored
glfw3.lib(input.c.obj) : warning LNK4006: glfwGetJoystickName already defined in BetaLow_x64_D.lib(input.c.obj); second definition ignored
glfw3.lib(input.c.obj) : warning LNK4006: glfwGetKey already defined in BetaLow_x64_D.lib(input.c.obj); second definition ignored
glfw3.lib(input.c.obj) : warning LNK4006: glfwGetKeyName already defined in BetaLow_x64_D.lib(input.c.obj); second definition ignored
glfw3.lib(input.c.obj) : warning LNK4006: glfwGetMouseButton already defined in BetaLow_x64_D.lib(input.c.obj); second definition ignored
glfw3.lib(input.c.obj) : warning LNK4006: glfwGetTime already defined in BetaLow_x64_D.lib(input.c.obj); second definition ignored
glfw3.lib(input.c.obj) : warning LNK4006: glfwGetTimerFrequency already defined in BetaLow_x64_D.lib(input.c.obj); second definition ignored
glfw3.lib(input.c.obj) : warning LNK4006: glfwGetTimerValue already defined in BetaLow_x64_D.lib(input.c.obj); second definition ignored
glfw3.lib(input.c.obj) : warning LNK4006: glfwJoystickPresent already defined in BetaLow_x64_D.lib(input.c.obj); second definition ignored
glfw3.lib(input.c.obj) : warning LNK4006: glfwSetCharCallback already defined in BetaLow_x64_D.lib(input.c.obj); second definition ignored
glfw3.lib(input.c.obj) : warning LNK4006: glfwSetCharModsCallback already defined in BetaLow_x64_D.lib(input.c.obj); second definition ignored
glfw3.lib(input.c.obj) : warning LNK4006: glfwSetClipboardString already defined in BetaLow_x64_D.lib(input.c.obj); second definition ignored
glfw3.lib(input.c.obj) : warning LNK4006: glfwSetCursor already defined in BetaLow_x64_D.lib(input.c.obj); second definition ignored
glfw3.lib(input.c.obj) : warning LNK4006: glfwSetCursorEnterCallback already defined in BetaLow_x64_D.lib(input.c.obj); second definition ignored
glfw3.lib(input.c.obj) : warning LNK4006: glfwSetCursorPos already defined in BetaLow_x64_D.lib(input.c.obj); second definition ignored
glfw3.lib(input.c.obj) : warning LNK4006: glfwSetCursorPosCallback already defined in BetaLow_x64_D.lib(input.c.obj); second definition ignored
glfw3.lib(input.c.obj) : warning LNK4006: glfwSetDropCallback already defined in BetaLow_x64_D.lib(input.c.obj); second definition ignored
glfw3.lib(input.c.obj) : warning LNK4006: glfwSetInputMode already defined in BetaLow_x64_D.lib(input.c.obj); second definition ignored
glfw3.lib(input.c.obj) : warning LNK4006: glfwSetJoystickCallback already defined in BetaLow_x64_D.lib(input.c.obj); second definition ignored
glfw3.lib(input.c.obj) : warning LNK4006: glfwSetKeyCallback already defined in BetaLow_x64_D.lib(input.c.obj); second definition ignored
glfw3.lib(input.c.obj) : warning LNK4006: glfwSetMouseButtonCallback already defined in BetaLow_x64_D.lib(input.c.obj); second definition ignored
glfw3.lib(input.c.obj) : warning LNK4006: glfwSetScrollCallback already defined in BetaLow_x64_D.lib(input.c.obj); second definition ignored
glfw3.lib(input.c.obj) : warning LNK4006: glfwSetTime already defined in BetaLow_x64_D.lib(input.c.obj); second definition ignored
glfw3.lib(input.c.obj) : warning LNK4221: This object file does not define any previously undefined public symbols, so it will not be used by any link operation that consumes this library
glfw3.lib(monitor.c.obj) : warning LNK4006: _glfwAllocGammaArrays already defined in BetaLow_x64_D.lib(monitor.c.obj); second definition ignored
glfw3.lib(monitor.c.obj) : warning LNK4006: _glfwAllocMonitor already defined in BetaLow_x64_D.lib(monitor.c.obj); second definition ignored
glfw3.lib(monitor.c.obj) : warning LNK4006: _glfwChooseVideoMode already defined in BetaLow_x64_D.lib(monitor.c.obj); second definition ignored
glfw3.lib(monitor.c.obj) : warning LNK4006: _glfwCompareVideoModes already defined in BetaLow_x64_D.lib(monitor.c.obj); second definition ignored
glfw3.lib(monitor.c.obj) : warning LNK4006: _glfwFreeGammaArrays already defined in BetaLow_x64_D.lib(monitor.c.obj); second definition ignored
glfw3.lib(monitor.c.obj) : warning LNK4006: _glfwFreeMonitor already defined in BetaLow_x64_D.lib(monitor.c.obj); second definition ignored
glfw3.lib(monitor.c.obj) : warning LNK4006: _glfwFreeMonitors already defined in BetaLow_x64_D.lib(monitor.c.obj); second definition ignored
glfw3.lib(monitor.c.obj) : warning LNK4006: _glfwInputMonitorChange already defined in BetaLow_x64_D.lib(monitor.c.obj); second definition ignored
glfw3.lib(monitor.c.obj) : warning LNK4006: _glfwInputMonitorWindowChange already defined in BetaLow_x64_D.lib(monitor.c.obj); second definition ignored
glfw3.lib(monitor.c.obj) : warning LNK4006: _glfwSplitBPP already defined in BetaLow_x64_D.lib(monitor.c.obj); second definition ignored
glfw3.lib(monitor.c.obj) : warning LNK4006: glfwGetGammaRamp already defined in BetaLow_x64_D.lib(monitor.c.obj); second definition ignored
glfw3.lib(monitor.c.obj) : warning LNK4006: glfwGetMonitorName already defined in BetaLow_x64_D.lib(monitor.c.obj); second definition ignored
glfw3.lib(monitor.c.obj) : warning LNK4006: glfwGetMonitorPhysicalSize already defined in BetaLow_x64_D.lib(monitor.c.obj); second definition ignored
glfw3.lib(monitor.c.obj) : warning LNK4006: glfwGetMonitorPos already defined in BetaLow_x64_D.lib(monitor.c.obj); second definition ignored
glfw3.lib(monitor.c.obj) : warning LNK4006: glfwGetMonitors already defined in BetaLow_x64_D.lib(monitor.c.obj); second definition ignored
glfw3.lib(monitor.c.obj) : warning LNK4006: glfwGetPrimaryMonitor already defined in BetaLow_x64_D.lib(monitor.c.obj); second definition ignored
glfw3.lib(monitor.c.obj) : warning LNK4006: glfwGetVideoMode already defined in BetaLow_x64_D.lib(monitor.c.obj); second definition ignored
glfw3.lib(monitor.c.obj) : warning LNK4006: glfwGetVideoModes already defined in BetaLow_x64_D.lib(monitor.c.obj); second definition ignored
glfw3.lib(monitor.c.obj) : warning LNK4006: glfwSetGamma already defined in BetaLow_x64_D.lib(monitor.c.obj); second definition ignored
glfw3.lib(monitor.c.obj) : warning LNK4006: glfwSetGammaRamp already defined in BetaLow_x64_D.lib(monitor.c.obj); second definition ignored
glfw3.lib(monitor.c.obj) : warning LNK4006: glfwSetMonitorCallback already defined in BetaLow_x64_D.lib(monitor.c.obj); second definition ignored
glfw3.lib(monitor.c.obj) : warning LNK4221: This object file does not define any previously undefined public symbols, so it will not be used by any link operation that consumes this library
glfw3.lib(vulkan.c.obj) : warning LNK4006: _glfwGetVulkanResultString already defined in BetaLow_x64_D.lib(vulkan.c.obj); second definition ignored
glfw3.lib(vulkan.c.obj) : warning LNK4006: _glfwInitVulkan already defined in BetaLow_x64_D.lib(vulkan.c.obj); second definition ignored
glfw3.lib(vulkan.c.obj) : warning LNK4006: _glfwTerminateVulkan already defined in BetaLow_x64_D.lib(vulkan.c.obj); second definition ignored
glfw3.lib(vulkan.c.obj) : warning LNK4006: glfwCreateWindowSurface already defined in BetaLow_x64_D.lib(vulkan.c.obj); second definition ignored
glfw3.lib(vulkan.c.obj) : warning LNK4006: glfwGetInstanceProcAddress already defined in BetaLow_x64_D.lib(vulkan.c.obj); second definition ignored
glfw3.lib(vulkan.c.obj) : warning LNK4006: glfwGetPhysicalDevicePresentationSupport already defined in BetaLow_x64_D.lib(vulkan.c.obj); second definition ignored
glfw3.lib(vulkan.c.obj) : warning LNK4006: glfwGetRequiredInstanceExtensions already defined in BetaLow_x64_D.lib(vulkan.c.obj); second definition ignored
glfw3.lib(vulkan.c.obj) : warning LNK4006: glfwVulkanSupported already defined in BetaLow_x64_D.lib(vulkan.c.obj); second definition ignored
glfw3.lib(vulkan.c.obj) : warning LNK4221: This object file does not define any previously undefined public symbols, so it will not be used by any link operation that consumes this library
glfw3.lib(window.c.obj) : warning LNK4006: _glfwInputFramebufferSize already defined in BetaLow_x64_D.lib(window.c.obj); second definition ignored
glfw3.lib(window.c.obj) : warning LNK4006: _glfwInputWindowCloseRequest already defined in BetaLow_x64_D.lib(window.c.obj); second definition ignored
glfw3.lib(window.c.obj) : warning LNK4006: _glfwInputWindowDamage already defined in BetaLow_x64_D.lib(window.c.obj); second definition ignored
glfw3.lib(window.c.obj) : warning LNK4006: _glfwInputWindowFocus already defined in BetaLow_x64_D.lib(window.c.obj); second definition ignored
glfw3.lib(window.c.obj) : warning LNK4006: _glfwInputWindowIconify already defined in BetaLow_x64_D.lib(window.c.obj); second definition ignored
glfw3.lib(window.c.obj) : warning LNK4006: _glfwInputWindowMonitorChange already defined in BetaLow_x64_D.lib(window.c.obj); second definition ignored
glfw3.lib(window.c.obj) : warning LNK4006: _glfwInputWindowPos already defined in BetaLow_x64_D.lib(window.c.obj); second definition ignored
glfw3.lib(window.c.obj) : warning LNK4006: _glfwInputWindowSize already defined in BetaLow_x64_D.lib(window.c.obj); second definition ignored
glfw3.lib(window.c.obj) : warning LNK4006: glfwCreateWindow already defined in BetaLow_x64_D.lib(window.c.obj); second definition ignored
glfw3.lib(window.c.obj) : warning LNK4006: glfwDefaultWindowHints already defined in BetaLow_x64_D.lib(window.c.obj); second definition ignored
glfw3.lib(window.c.obj) : warning LNK4006: glfwDestroyWindow already defined in BetaLow_x64_D.lib(window.c.obj); second definition ignored
glfw3.lib(window.c.obj) : warning LNK4006: glfwFocusWindow already defined in BetaLow_x64_D.lib(window.c.obj); second definition ignored
glfw3.lib(window.c.obj) : warning LNK4006: glfwGetFramebufferSize already defined in BetaLow_x64_D.lib(window.c.obj); second definition ignored
glfw3.lib(window.c.obj) : warning LNK4006: glfwGetWindowAttrib already defined in BetaLow_x64_D.lib(window.c.obj); second definition ignored
glfw3.lib(window.c.obj) : warning LNK4006: glfwGetWindowFrameSize already defined in BetaLow_x64_D.lib(window.c.obj); second definition ignored
glfw3.lib(window.c.obj) : warning LNK4006: glfwGetWindowMonitor already defined in BetaLow_x64_D.lib(window.c.obj); second definition ignored
glfw3.lib(window.c.obj) : warning LNK4006: glfwGetWindowPos already defined in BetaLow_x64_D.lib(window.c.obj); second definition ignored
glfw3.lib(window.c.obj) : warning LNK4006: glfwGetWindowSize already defined in BetaLow_x64_D.lib(window.c.obj); second definition ignored
glfw3.lib(window.c.obj) : warning LNK4006: glfwGetWindowUserPointer already defined in BetaLow_x64_D.lib(window.c.obj); second definition ignored
glfw3.lib(window.c.obj) : warning LNK4006: glfwHideWindow already defined in BetaLow_x64_D.lib(window.c.obj); second definition ignored
glfw3.lib(window.c.obj) : warning LNK4006: glfwIconifyWindow already defined in BetaLow_x64_D.lib(window.c.obj); second definition ignored
glfw3.lib(window.c.obj) : warning LNK4006: glfwMaximizeWindow already defined in BetaLow_x64_D.lib(window.c.obj); second definition ignored
glfw3.lib(window.c.obj) : warning LNK4006: glfwPollEvents already defined in BetaLow_x64_D.lib(window.c.obj); second definition ignored
glfw3.lib(window.c.obj) : warning LNK4006: glfwPostEmptyEvent already defined in BetaLow_x64_D.lib(window.c.obj); second definition ignored
glfw3.lib(window.c.obj) : warning LNK4006: glfwRestoreWindow already defined in BetaLow_x64_D.lib(window.c.obj); second definition ignored
glfw3.lib(window.c.obj) : warning LNK4006: glfwSetFramebufferSizeCallback already defined in BetaLow_x64_D.lib(window.c.obj); second definition ignored
glfw3.lib(window.c.obj) : warning LNK4006: glfwSetWindowAspectRatio already defined in BetaLow_x64_D.lib(window.c.obj); second definition ignored
glfw3.lib(window.c.obj) : warning LNK4006: glfwSetWindowCloseCallback already defined in BetaLow_x64_D.lib(window.c.obj); second definition ignored
glfw3.lib(window.c.obj) : warning LNK4006: glfwSetWindowFocusCallback already defined in BetaLow_x64_D.lib(window.c.obj); second definition ignored
glfw3.lib(window.c.obj) : warning LNK4006: glfwSetWindowIcon already defined in BetaLow_x64_D.lib(window.c.obj); second definition ignored
glfw3.lib(window.c.obj) : warning LNK4006: glfwSetWindowIconifyCallback already defined in BetaLow_x64_D.lib(window.c.obj); second definition ignored
glfw3.lib(window.c.obj) : warning LNK4006: glfwSetWindowMonitor already defined in BetaLow_x64_D.lib(window.c.obj); second definition ignored
glfw3.lib(window.c.obj) : warning LNK4006: glfwSetWindowPos already defined in BetaLow_x64_D.lib(window.c.obj); second definition ignored
glfw3.lib(window.c.obj) : warning LNK4006: glfwSetWindowPosCallback already defined in BetaLow_x64_D.lib(window.c.obj); second definition ignored
glfw3.lib(window.c.obj) : warning LNK4006: glfwSetWindowRefreshCallback already defined in BetaLow_x64_D.lib(window.c.obj); second definition ignored
glfw3.lib(window.c.obj) : warning LNK4006: glfwSetWindowShouldClose already defined in BetaLow_x64_D.lib(window.c.obj); second definition ignored
glfw3.lib(window.c.obj) : warning LNK4006: glfwSetWindowSize already defined in BetaLow_x64_D.lib(window.c.obj); second definition ignored
glfw3.lib(window.c.obj) : warning LNK4006: glfwSetWindowSizeCallback already defined in BetaLow_x64_D.lib(window.c.obj); second definition ignored
glfw3.lib(window.c.obj) : warning LNK4006: glfwSetWindowSizeLimits already defined in BetaLow_x64_D.lib(window.c.obj); second definition ignored
glfw3.lib(window.c.obj) : warning LNK4006: glfwSetWindowTitle already defined in BetaLow_x64_D.lib(window.c.obj); second definition ignored
glfw3.lib(window.c.obj) : warning LNK4006: glfwSetWindowUserPointer already defined in BetaLow_x64_D.lib(window.c.obj); second definition ignored
glfw3.lib(window.c.obj) : warning LNK4006: glfwShowWindow already defined in BetaLow_x64_D.lib(window.c.obj); second definition ignored
glfw3.lib(window.c.obj) : warning LNK4006: glfwWaitEvents already defined in BetaLow_x64_D.lib(window.c.obj); second definition ignored
glfw3.lib(window.c.obj) : warning LNK4006: glfwWaitEventsTimeout already defined in BetaLow_x64_D.lib(window.c.obj); second definition ignored
glfw3.lib(window.c.obj) : warning LNK4006: glfwWindowHint already defined in BetaLow_x64_D.lib(window.c.obj); second definition ignored
glfw3.lib(window.c.obj) : warning LNK4006: glfwWindowShouldClose already defined in BetaLow_x64_D.lib(window.c.obj); second definition ignored
glfw3.lib(window.c.obj) : warning LNK4221: This object file does not define any previously undefined public symbols, so it will not be used by any link operation that consumes this library
glfw3.lib(win32_init.c.obj) : warning LNK4006: _glfwCreateUTF8FromWideStringWin32 already defined in BetaLow_x64_D.lib(win32_init.c.obj); second definition ignored
glfw3.lib(win32_init.c.obj) : warning LNK4006: _glfwCreateWideStringFromUTF8Win32 already defined in BetaLow_x64_D.lib(win32_init.c.obj); second definition ignored
glfw3.lib(win32_init.c.obj) : warning LNK4006: _glfwPlatformGetVersionString already defined in BetaLow_x64_D.lib(win32_init.c.obj); second definition ignored
glfw3.lib(win32_init.c.obj) : warning LNK4006: _glfwPlatformInit already defined in BetaLow_x64_D.lib(win32_init.c.obj); second definition ignored
glfw3.lib(win32_init.c.obj) : warning LNK4006: _glfwPlatformTerminate already defined in BetaLow_x64_D.lib(win32_init.c.obj); second definition ignored
glfw3.lib(win32_init.c.obj) : warning LNK4221: This object file does not define any previously undefined public symbols, so it will not be used by any link operation that consumes this library
glfw3.lib(win32_joystick.c.obj) : warning LNK4006: _glfwDetectJoystickConnectionWin32 already defined in BetaLow_x64_D.lib(win32_joystick.c.obj); second definition ignored
glfw3.lib(win32_joystick.c.obj) : warning LNK4006: _glfwDetectJoystickDisconnectionWin32 already defined in BetaLow_x64_D.lib(win32_joystick.c.obj); second definition ignored
glfw3.lib(win32_joystick.c.obj) : warning LNK4006: _glfwInitJoysticksWin32 already defined in BetaLow_x64_D.lib(win32_joystick.c.obj); second definition ignored
glfw3.lib(win32_joystick.c.obj) : warning LNK4006: _glfwPlatformGetJoystickAxes already defined in BetaLow_x64_D.lib(win32_joystick.c.obj); second definition ignored
glfw3.lib(win32_joystick.c.obj) : warning LNK4006: _glfwPlatformGetJoystickButtons already defined in BetaLow_x64_D.lib(win32_joystick.c.obj); second definition ignored
glfw3.lib(win32_joystick.c.obj) : warning LNK4006: _glfwPlatformGetJoystickName already defined in BetaLow_x64_D.lib(win32_joystick.c.obj); second definition ignored
glfw3.lib(win32_joystick.c.obj) : warning LNK4006: _glfwPlatformJoystickPresent already defined in BetaLow_x64_D.lib(win32_joystick.c.obj); second definition ignored
glfw3.lib(win32_joystick.c.obj) : warning LNK4006: _glfwTerminateJoysticksWin32 already defined in BetaLow_x64_D.lib(win32_joystick.c.obj); second definition ignored
glfw3.lib(win32_joystick.c.obj) : warning LNK4221: This object file does not define any previously undefined public symbols, so it will not be used by any link operation that consumes this library
glfw3.lib(win32_monitor.c.obj) : warning LNK4006: _glfwPlatformGetGammaRamp already defined in BetaLow_x64_D.lib(win32_monitor.c.obj); second definition ignored
glfw3.lib(win32_monitor.c.obj) : warning LNK4006: _glfwPlatformGetMonitorPos already defined in BetaLow_x64_D.lib(win32_monitor.c.obj); second definition ignored
glfw3.lib(win32_monitor.c.obj) : warning LNK4006: _glfwPlatformGetMonitors already defined in BetaLow_x64_D.lib(win32_monitor.c.obj); second definition ignored
glfw3.lib(win32_monitor.c.obj) : warning LNK4006: _glfwPlatformGetVideoMode already defined in BetaLow_x64_D.lib(win32_monitor.c.obj); second definition ignored
glfw3.lib(win32_monitor.c.obj) : warning LNK4006: _glfwPlatformGetVideoModes already defined in BetaLow_x64_D.lib(win32_monitor.c.obj); second definition ignored
glfw3.lib(win32_monitor.c.obj) : warning LNK4006: _glfwPlatformIsSameMonitor already defined in BetaLow_x64_D.lib(win32_monitor.c.obj); second definition ignored
glfw3.lib(win32_monitor.c.obj) : warning LNK4006: _glfwPlatformSetGammaRamp already defined in BetaLow_x64_D.lib(win32_monitor.c.obj); second definition ignored
glfw3.lib(win32_monitor.c.obj) : warning LNK4006: _glfwRestoreVideoModeWin32 already defined in BetaLow_x64_D.lib(win32_monitor.c.obj); second definition ignored
glfw3.lib(win32_monitor.c.obj) : warning LNK4006: _glfwSetVideoModeWin32 already defined in BetaLow_x64_D.lib(win32_monitor.c.obj); second definition ignored
glfw3.lib(win32_monitor.c.obj) : warning LNK4006: glfwGetWin32Adapter already defined in BetaLow_x64_D.lib(win32_monitor.c.obj); second definition ignored
glfw3.lib(win32_monitor.c.obj) : warning LNK4006: glfwGetWin32Monitor already defined in BetaLow_x64_D.lib(win32_monitor.c.obj); second definition ignored
glfw3.lib(win32_monitor.c.obj) : warning LNK4221: This object file does not define any previously undefined public symbols, so it will not be used by any link operation that consumes this library
glfw3.lib(win32_time.c.obj) : warning LNK4006: _glfwInitTimerWin32 already defined in BetaLow_x64_D.lib(win32_time.c.obj); second definition ignored
glfw3.lib(win32_time.c.obj) : warning LNK4006: _glfwPlatformGetTimerFrequency already defined in BetaLow_x64_D.lib(win32_time.c.obj); second definition ignored
glfw3.lib(win32_time.c.obj) : warning LNK4006: _glfwPlatformGetTimerValue already defined in BetaLow_x64_D.lib(win32_time.c.obj); second definition ignored
glfw3.lib(win32_time.c.obj) : warning LNK4221: This object file does not define any previously undefined public symbols, so it will not be used by any link operation that consumes this library
glfw3.lib(win32_tls.c.obj) : warning LNK4006: _glfwInitThreadLocalStorageWin32 already defined in BetaLow_x64_D.lib(win32_tls.c.obj); second definition ignored
glfw3.lib(win32_tls.c.obj) : warning LNK4006: _glfwPlatformGetCurrentContext already defined in BetaLow_x64_D.lib(win32_tls.c.obj); second definition ignored
glfw3.lib(win32_tls.c.obj) : warning LNK4006: _glfwPlatformSetCurrentContext already defined in BetaLow_x64_D.lib(win32_tls.c.obj); second definition ignored
glfw3.lib(win32_tls.c.obj) : warning LNK4006: _glfwTerminateThreadLocalStorageWin32 already defined in BetaLow_x64_D.lib(win32_tls.c.obj); second definition ignored
glfw3.lib(win32_tls.c.obj) : warning LNK4221: This object file does not define any previously undefined public symbols, so it will not be used by any link operation that consumes this library
glfw3.lib(win32_window.c.obj) : warning LNK4006: _glfwPlatformCreateCursor already defined in BetaLow_x64_D.lib(win32_window.c.obj); second definition ignored
glfw3.lib(win32_window.c.obj) : warning LNK4006: _glfwPlatformCreateStandardCursor already defined in BetaLow_x64_D.lib(win32_window.c.obj); second definition ignored
glfw3.lib(win32_window.c.obj) : warning LNK4006: _glfwPlatformCreateWindow already defined in BetaLow_x64_D.lib(win32_window.c.obj); second definition ignored
glfw3.lib(win32_window.c.obj) : warning LNK4006: _glfwPlatformCreateWindowSurface already defined in BetaLow_x64_D.lib(win32_window.c.obj); second definition ignored
glfw3.lib(win32_window.c.obj) : warning LNK4006: _glfwPlatformDestroyCursor already defined in BetaLow_x64_D.lib(win32_window.c.obj); second definition ignored
glfw3.lib(win32_window.c.obj) : warning LNK4006: _glfwPlatformDestroyWindow already defined in BetaLow_x64_D.lib(win32_window.c.obj); second definition ignored
glfw3.lib(win32_window.c.obj) : warning LNK4006: _glfwPlatformFocusWindow already defined in BetaLow_x64_D.lib(win32_window.c.obj); second definition ignored
glfw3.lib(win32_window.c.obj) : warning LNK4006: _glfwPlatformGetClipboardString already defined in BetaLow_x64_D.lib(win32_window.c.obj); second definition ignored
glfw3.lib(win32_window.c.obj) : warning LNK4006: _glfwPlatformGetCursorPos already defined in BetaLow_x64_D.lib(win32_window.c.obj); second definition ignored
glfw3.lib(win32_window.c.obj) : warning LNK4006: _glfwPlatformGetFramebufferSize already defined in BetaLow_x64_D.lib(win32_window.c.obj); second definition ignored
glfw3.lib(win32_window.c.obj) : warning LNK4006: _glfwPlatformGetKeyName already defined in BetaLow_x64_D.lib(win32_window.c.obj); second definition ignored
glfw3.lib(win32_window.c.obj) : warning LNK4006: _glfwPlatformGetPhysicalDevicePresentationSupport already defined in BetaLow_x64_D.lib(win32_window.c.obj); second definition ignored
glfw3.lib(win32_window.c.obj) : warning LNK4006: _glfwPlatformGetRequiredInstanceExtensions already defined in BetaLow_x64_D.lib(win32_window.c.obj); second definition ignored
glfw3.lib(win32_window.c.obj) : warning LNK4006: _glfwPlatformGetWindowFrameSize already defined in BetaLow_x64_D.lib(win32_window.c.obj); second definition ignored
glfw3.lib(win32_window.c.obj) : warning LNK4006: _glfwPlatformGetWindowPos already defined in BetaLow_x64_D.lib(win32_window.c.obj); second definition ignored
glfw3.lib(win32_window.c.obj) : warning LNK4006: _glfwPlatformGetWindowSize already defined in BetaLow_x64_D.lib(win32_window.c.obj); second definition ignored
glfw3.lib(win32_window.c.obj) : warning LNK4006: _glfwPlatformHideWindow already defined in BetaLow_x64_D.lib(win32_window.c.obj); second definition ignored
glfw3.lib(win32_window.c.obj) : warning LNK4006: _glfwPlatformIconifyWindow already defined in BetaLow_x64_D.lib(win32_window.c.obj); second definition ignored
glfw3.lib(win32_window.c.obj) : warning LNK4006: _glfwPlatformMaximizeWindow already defined in BetaLow_x64_D.lib(win32_window.c.obj); second definition ignored
glfw3.lib(win32_window.c.obj) : warning LNK4006: _glfwPlatformPollEvents already defined in BetaLow_x64_D.lib(win32_window.c.obj); second definition ignored
glfw3.lib(win32_window.c.obj) : warning LNK4006: _glfwPlatformPostEmptyEvent already defined in BetaLow_x64_D.lib(win32_window.c.obj); second definition ignored
glfw3.lib(win32_window.c.obj) : warning LNK4006: _glfwPlatformRestoreWindow already defined in BetaLow_x64_D.lib(win32_window.c.obj); second definition ignored
glfw3.lib(win32_window.c.obj) : warning LNK4006: _glfwPlatformSetClipboardString already defined in BetaLow_x64_D.lib(win32_window.c.obj); second definition ignored
glfw3.lib(win32_window.c.obj) : warning LNK4006: _glfwPlatformSetCursor already defined in BetaLow_x64_D.lib(win32_window.c.obj); second definition ignored
glfw3.lib(win32_window.c.obj) : warning LNK4006: _glfwPlatformSetCursorMode already defined in BetaLow_x64_D.lib(win32_window.c.obj); second definition ignored
glfw3.lib(win32_window.c.obj) : warning LNK4006: _glfwPlatformSetCursorPos already defined in BetaLow_x64_D.lib(win32_window.c.obj); second definition ignored
glfw3.lib(win32_window.c.obj) : warning LNK4006: _glfwPlatformSetWindowAspectRatio already defined in BetaLow_x64_D.lib(win32_window.c.obj); second definition ignored
glfw3.lib(win32_window.c.obj) : warning LNK4006: _glfwPlatformSetWindowIcon already defined in BetaLow_x64_D.lib(win32_window.c.obj); second definition ignored
glfw3.lib(win32_window.c.obj) : warning LNK4006: _glfwPlatformSetWindowMonitor already defined in BetaLow_x64_D.lib(win32_window.c.obj); second definition ignored
glfw3.lib(win32_window.c.obj) : warning LNK4006: _glfwPlatformSetWindowPos already defined in BetaLow_x64_D.lib(win32_window.c.obj); second definition ignored
glfw3.lib(win32_window.c.obj) : warning LNK4006: _glfwPlatformSetWindowSize already defined in BetaLow_x64_D.lib(win32_window.c.obj); second definition ignored
glfw3.lib(win32_window.c.obj) : warning LNK4006: _glfwPlatformSetWindowSizeLimits already defined in BetaLow_x64_D.lib(win32_window.c.obj); second definition ignored
glfw3.lib(win32_window.c.obj) : warning LNK4006: _glfwPlatformSetWindowTitle already defined in BetaLow_x64_D.lib(win32_window.c.obj); second definition ignored
glfw3.lib(win32_window.c.obj) : warning LNK4006: _glfwPlatformShowWindow already defined in BetaLow_x64_D.lib(win32_window.c.obj); second definition ignored
glfw3.lib(win32_window.c.obj) : warning LNK4006: _glfwPlatformWaitEvents already defined in BetaLow_x64_D.lib(win32_window.c.obj); second definition ignored
glfw3.lib(win32_window.c.obj) : warning LNK4006: _glfwPlatformWaitEventsTimeout already defined in BetaLow_x64_D.lib(win32_window.c.obj); second definition ignored
glfw3.lib(win32_window.c.obj) : warning LNK4006: _glfwPlatformWindowFocused already defined in BetaLow_x64_D.lib(win32_window.c.obj); second definition ignored
glfw3.lib(win32_window.c.obj) : warning LNK4006: _glfwPlatformWindowIconified already defined in BetaLow_x64_D.lib(win32_window.c.obj); second definition ignored
glfw3.lib(win32_window.c.obj) : warning LNK4006: _glfwPlatformWindowMaximized already defined in BetaLow_x64_D.lib(win32_window.c.obj); second definition ignored
glfw3.lib(win32_window.c.obj) : warning LNK4006: _glfwPlatformWindowVisible already defined in BetaLow_x64_D.lib(win32_window.c.obj); second definition ignored
glfw3.lib(win32_window.c.obj) : warning LNK4006: _glfwRegisterWindowClassWin32 already defined in BetaLow_x64_D.lib(win32_window.c.obj); second definition ignored
glfw3.lib(win32_window.c.obj) : warning LNK4006: _glfwUnregisterWindowClassWin32 already defined in BetaLow_x64_D.lib(win32_window.c.obj); second definition ignored
glfw3.lib(win32_window.c.obj) : warning LNK4006: glfwGetWin32Window already defined in BetaLow_x64_D.lib(win32_window.c.obj); second definition ignored
glfw3.lib(win32_window.c.obj) : warning LNK4221: This object file does not define any previously undefined public symbols, so it will not be used by any link operation that consumes this library
glfw3.lib(wgl_context.c.obj) : warning LNK4006: _glfwCreateContextWGL already defined in BetaLow_x64_D.lib(wgl_context.c.obj); second definition ignored
glfw3.lib(wgl_context.c.obj) : warning LNK4006: _glfwInitWGL already defined in BetaLow_x64_D.lib(wgl_context.c.obj); second definition ignored
glfw3.lib(wgl_context.c.obj) : warning LNK4006: _glfwTerminateWGL already defined in BetaLow_x64_D.lib(wgl_context.c.obj); second definition ignored
glfw3.lib(wgl_context.c.obj) : warning LNK4006: glfwGetWGLContext already defined in BetaLow_x64_D.lib(wgl_context.c.obj); second definition ignored
glfw3.lib(wgl_context.c.obj) : warning LNK4221: This object file does not define any previously undefined public symbols, so it will not be used by any link operation that consumes this library
glfw3.lib(egl_context.c.obj) : warning LNK4006: _glfwCreateContextEGL already defined in BetaLow_x64_D.lib(egl_context.c.obj); second definition ignored
glfw3.lib(egl_context.c.obj) : warning LNK4006: _glfwInitEGL already defined in BetaLow_x64_D.lib(egl_context.c.obj); second definition ignored
glfw3.lib(egl_context.c.obj) : warning LNK4006: _glfwTerminateEGL already defined in BetaLow_x64_D.lib(egl_context.c.obj); second definition ignored
glfw3.lib(egl_context.c.obj) : warning LNK4006: glfwGetEGLContext already defined in BetaLow_x64_D.lib(egl_context.c.obj); second definition ignored
glfw3.lib(egl_context.c.obj) : warning LNK4006: glfwGetEGLDisplay already defined in BetaLow_x64_D.lib(egl_context.c.obj); second definition ignored
glfw3.lib(egl_context.c.obj) : warning LNK4006: glfwGetEGLSurface already defined in BetaLow_x64_D.lib(egl_context.c.obj); second definition ignored
glfw3.lib(egl_context.c.obj) : warning LNK4221: This object file does not define any previously undefined public symbols, so it will not be used by any link operation that consumes this library
fmodstudioL64_vc.lib(fmodstudioL64.dll) : warning LNK4006: __NULL_IMPORT_DESCRIPTOR already defined in fmodL64_vc.lib(fmodL64.dll); second definition ignored
fmodstudioL64_vc.lib(fmodstudioL64.dll) : warning LNK4221: This object file does not define any previously undefined public symbols, so it will not be used by any link operation that consumes this library
  HighLevelAPI.vcxproj -> C:\Users\bar.benzvi\Documents\GitHub\C_RetroPlus_Joctopus\Jocktopus_Frogger_V0.01\Bar.Benzvi.CS230Project5\HighLevelAPI\\lib\BetaHigh_x64_D.lib
