c:\users\bar.benzvi\documents\github\c_retroplus_joctopus\jocktopus_frogger_v0.01\bar.benzvi.cs230project5\x64\debug\betaframework.pch
c:\users\bar.benzvi\documents\github\c_retroplus_joctopus\jocktopus_frogger_v0.01\bar.benzvi.cs230project5\x64\debug\vc141.pdb
c:\users\bar.benzvi\documents\github\c_retroplus_joctopus\jocktopus_frogger_v0.01\bar.benzvi.cs230project5\x64\debug\vc141.idb
c:\users\bar.benzvi\documents\github\c_retroplus_joctopus\jocktopus_frogger_v0.01\bar.benzvi.cs230project5\x64\debug\stdafx.obj
c:\users\bar.benzvi\documents\github\c_retroplus_joctopus\jocktopus_frogger_v0.01\bar.benzvi.cs230project5\x64\debug\asteroid.obj
c:\users\bar.benzvi\documents\github\c_retroplus_joctopus\jocktopus_frogger_v0.01\bar.benzvi.cs230project5\x64\debug\colorchange.obj
c:\users\bar.benzvi\documents\github\c_retroplus_joctopus\jocktopus_frogger_v0.01\bar.benzvi.cs230project5\x64\debug\frogmovement.obj
c:\users\bar.benzvi\documents\github\c_retroplus_joctopus\jocktopus_frogger_v0.01\bar.benzvi.cs230project5\x64\debug\itemmovement.obj
c:\users\bar.benzvi\documents\github\c_retroplus_joctopus\jocktopus_frogger_v0.01\bar.benzvi.cs230project5\x64\debug\level2.obj
c:\users\bar.benzvi\documents\github\c_retroplus_joctopus\jocktopus_frogger_v0.01\bar.benzvi.cs230project5\x64\debug\level1.obj
c:\users\bar.benzvi\documents\github\c_retroplus_joctopus\jocktopus_frogger_v0.01\bar.benzvi.cs230project5\x64\debug\level3.obj
c:\users\bar.benzvi\documents\github\c_retroplus_joctopus\jocktopus_frogger_v0.01\bar.benzvi.cs230project5\x64\debug\main.obj
c:\users\bar.benzvi\documents\github\c_retroplus_joctopus\jocktopus_frogger_v0.01\bar.benzvi.cs230project5\x64\debug\monkeymovement.obj
c:\users\bar.benzvi\documents\github\c_retroplus_joctopus\jocktopus_frogger_v0.01\bar.benzvi.cs230project5\x64\debug\omega.obj
c:\users\bar.benzvi\documents\github\c_retroplus_joctopus\jocktopus_frogger_v0.01\bar.benzvi.cs230project5\x64\debug\playerprojectile.obj
c:\users\bar.benzvi\documents\github\c_retroplus_joctopus\jocktopus_frogger_v0.01\bar.benzvi.cs230project5\x64\debug\playership.obj
c:\users\bar.benzvi\documents\github\c_retroplus_joctopus\jocktopus_frogger_v0.01\bar.benzvi.cs230project5\x64\debug\purplefrogmovement.obj
c:\users\bar.benzvi\documents\github\c_retroplus_joctopus\jocktopus_frogger_v0.01\bar.benzvi.cs230project5\x64\debug\screenwrap.obj
c:\users\bar.benzvi\documents\github\c_retroplus_joctopus\jocktopus_frogger_v0.01\bar.benzvi.cs230project5\x64\debug\timeddeath.obj
c:\users\bar.benzvi\documents\github\c_retroplus_joctopus\jocktopus_frogger_v0.01\bar.benzvi.cs230project5\x64\debug\turtlemovement.obj
c:\users\bar_b\documents\github\c_retroplus_joctopus\jocktopus_frogger_v0.01\bar.benzvi.cs230project5\x64\debug\betaframework.pch
c:\users\bar_b\documents\github\c_retroplus_joctopus\jocktopus_frogger_v0.01\bar.benzvi.cs230project5\x64\debug\vc141.pdb
c:\users\bar_b\documents\github\c_retroplus_joctopus\jocktopus_frogger_v0.01\bar.benzvi.cs230project5\x64\debug\vc141.idb
c:\users\bar_b\documents\github\c_retroplus_joctopus\jocktopus_frogger_v0.01\bar.benzvi.cs230project5\x64\debug\stdafx.obj
c:\users\bar_b\documents\github\c_retroplus_joctopus\jocktopus_frogger_v0.01\bar.benzvi.cs230project5\x64\debug\turtlemovement.obj
c:\users\bar_b\documents\github\c_retroplus_joctopus\jocktopus_frogger_v0.01\bar.benzvi.cs230project5\x64\debug\timeddeath.obj
c:\users\bar_b\documents\github\c_retroplus_joctopus\jocktopus_frogger_v0.01\bar.benzvi.cs230project5\x64\debug\screenwrap.obj
c:\users\bar_b\documents\github\c_retroplus_joctopus\jocktopus_frogger_v0.01\bar.benzvi.cs230project5\x64\debug\purplefrogmovement.obj
c:\users\bar_b\documents\github\c_retroplus_joctopus\jocktopus_frogger_v0.01\bar.benzvi.cs230project5\x64\debug\playership.obj
c:\users\bar_b\documents\github\c_retroplus_joctopus\jocktopus_frogger_v0.01\bar.benzvi.cs230project5\x64\debug\playerprojectile.obj
c:\users\bar_b\documents\github\c_retroplus_joctopus\jocktopus_frogger_v0.01\bar.benzvi.cs230project5\x64\debug\omega.obj
c:\users\bar_b\documents\github\c_retroplus_joctopus\jocktopus_frogger_v0.01\bar.benzvi.cs230project5\x64\debug\monkeymovement.obj
c:\users\bar_b\documents\github\c_retroplus_joctopus\jocktopus_frogger_v0.01\bar.benzvi.cs230project5\x64\debug\main.obj
c:\users\bar_b\documents\github\c_retroplus_joctopus\jocktopus_frogger_v0.01\bar.benzvi.cs230project5\x64\debug\level3.obj
c:\users\bar_b\documents\github\c_retroplus_joctopus\jocktopus_frogger_v0.01\bar.benzvi.cs230project5\x64\debug\level1.obj
c:\users\bar_b\documents\github\c_retroplus_joctopus\jocktopus_frogger_v0.01\bar.benzvi.cs230project5\x64\debug\level2.obj
c:\users\bar_b\documents\github\c_retroplus_joctopus\jocktopus_frogger_v0.01\bar.benzvi.cs230project5\x64\debug\itemmovement.obj
c:\users\bar_b\documents\github\c_retroplus_joctopus\jocktopus_frogger_v0.01\bar.benzvi.cs230project5\x64\debug\frogmovement.obj
c:\users\bar_b\documents\github\c_retroplus_joctopus\jocktopus_frogger_v0.01\bar.benzvi.cs230project5\x64\debug\colorchange.obj
c:\users\bar_b\documents\github\c_retroplus_joctopus\jocktopus_frogger_v0.01\bar.benzvi.cs230project5\x64\debug\asteroid.obj
c:\users\bar.benzvi\documents\github\c_retroplus_joctopus\jocktopus_frogger_v0.01\bar.benzvi.cs230project5\x64\debug\betaframework.ilk
c:\users\bar.benzvi\documents\github\c_retroplus_joctopus\jocktopus_frogger_v0.01\bar.benzvi.cs230project5\x64\debug\betaframework.exe
c:\users\bar.benzvi\documents\github\c_retroplus_joctopus\jocktopus_frogger_v0.01\bar.benzvi.cs230project5\x64\debug\betaframework.pdb
c:\users\bar_b\documents\github\c_retroplus_joctopus\jocktopus_frogger_v0.01\bar.benzvi.cs230project5\x64\debug\betaframework.ilk
c:\users\bar_b\documents\github\c_retroplus_joctopus\jocktopus_frogger_v0.01\bar.benzvi.cs230project5\x64\debug\betaframework.exe
c:\users\bar_b\documents\github\c_retroplus_joctopus\jocktopus_frogger_v0.01\bar.benzvi.cs230project5\x64\debug\betaframework.pdb
c:\users\bar_b\documents\github\c_retroplus_joctopus\jocktopus_frogger_v0.01\bar.benzvi.cs230project5\x64\debug\betalow_x64_d.pdb
c:\users\bar_b\documents\github\c_retroplus_joctopus\jocktopus_frogger_v0.01\bar.benzvi.cs230project5\\x64\debug\betaframework.pdb
c:\users\bar_b\documents\github\c_retroplus_joctopus\jocktopus_frogger_v0.01\bar.benzvi.cs230project5\\x64\debug\betaframework.exe
c:\users\bar_b\documents\github\c_retroplus_joctopus\jocktopus_frogger_v0.01\bar.benzvi.cs230project5\\x64\debug\betaframework.ilk
c:\users\bar_b\documents\github\c_retroplus_joctopus\jocktopus_frogger_v0.01\bar.benzvi.cs230project5\x64\debug\cs230project4.tlog\cl.command.1.tlog
c:\users\bar_b\documents\github\c_retroplus_joctopus\jocktopus_frogger_v0.01\bar.benzvi.cs230project5\x64\debug\cs230project4.tlog\cl.read.1.tlog
c:\users\bar_b\documents\github\c_retroplus_joctopus\jocktopus_frogger_v0.01\bar.benzvi.cs230project5\x64\debug\cs230project4.tlog\cl.write.1.tlog
c:\users\bar_b\documents\github\c_retroplus_joctopus\jocktopus_frogger_v0.01\bar.benzvi.cs230project5\x64\debug\cs230project4.tlog\link.command.1.tlog
c:\users\bar_b\documents\github\c_retroplus_joctopus\jocktopus_frogger_v0.01\bar.benzvi.cs230project5\x64\debug\cs230project4.tlog\link.read.1.tlog
c:\users\bar_b\documents\github\c_retroplus_joctopus\jocktopus_frogger_v0.01\bar.benzvi.cs230project5\x64\debug\cs230project4.tlog\link.write.1.tlog
