  stdafx.cpp
  WinSlot.cpp
  TurtleMovement.cpp
  SnakeMovement.cpp
  ScreenWrap.cpp
  PurpleFrogMovement.cpp
  MainMenu.cpp
  Main.cpp
  Level1.cpp
  Level2.cpp
  ItemMovement.cpp
  FrogMovement.cpp
  Generating Code...
LINK : warning LNK4098: defaultlib 'MSVCRT' conflicts with use of other libs; use /NODEFAULTLIB:library
  CS230Project4.vcxproj -> C:\Users\bar.benzvi\Documents\GitHub\C_RetroPlus_Joctopus\Jocktopus_Frogger_V0.01\Bar.Benzvi.CS230Project5\\x64\Debug\BetaFramework.exe
  CS230Project4.vcxproj -> C:\Users\bar.benzvi\Documents\GitHub\C_RetroPlus_Joctopus\Jocktopus_Frogger_V0.01\Bar.Benzvi.CS230Project5\\x64\Debug\BetaFramework.pdb (Partial PDB)
  glfw\lib\x64\glfw3.dll
  1 File(s) copied
  fmod\lib\fmodL64.dll
  1 File(s) copied
  fmod\lib\fmodstudioL64.dll
  1 File(s) copied
  LowLevelAPI\lib\BetaLow_x64_D.pdb
  1 File(s) copied
