c:\users\bar_b\documents\github\c_retroplus_joctopus\jocktopus_frogger_v0.01\bar.benzvi.cs230project5\highlevelapi\x64\release\betahigh_x64.pch
c:\users\bar_b\documents\github\c_retroplus_joctopus\jocktopus_frogger_v0.01\bar.benzvi.cs230project5\highlevelapi\lib\betahigh_x64.pdb
c:\users\bar_b\documents\github\c_retroplus_joctopus\jocktopus_frogger_v0.01\bar.benzvi.cs230project5\highlevelapi\x64\release\stdafx.obj
c:\users\bar_b\documents\github\c_retroplus_joctopus\jocktopus_frogger_v0.01\bar.benzvi.cs230project5\highlevelapi\x64\release\space.obj
c:\users\bar_b\documents\github\c_retroplus_joctopus\jocktopus_frogger_v0.01\bar.benzvi.cs230project5\highlevelapi\x64\release\soundmanager.obj
c:\users\bar_b\documents\github\c_retroplus_joctopus\jocktopus_frogger_v0.01\bar.benzvi.cs230project5\highlevelapi\x64\release\serializable.obj
c:\users\bar_b\documents\github\c_retroplus_joctopus\jocktopus_frogger_v0.01\bar.benzvi.cs230project5\highlevelapi\x64\release\physics.obj
c:\users\bar_b\documents\github\c_retroplus_joctopus\jocktopus_frogger_v0.01\bar.benzvi.cs230project5\highlevelapi\x64\release\parser.obj
c:\users\bar_b\documents\github\c_retroplus_joctopus\jocktopus_frogger_v0.01\bar.benzvi.cs230project5\highlevelapi\x64\release\meshhelper.obj
c:\users\bar_b\documents\github\c_retroplus_joctopus\jocktopus_frogger_v0.01\bar.benzvi.cs230project5\highlevelapi\x64\release\matrix2dstudent.obj
c:\users\bar_b\documents\github\c_retroplus_joctopus\jocktopus_frogger_v0.01\bar.benzvi.cs230project5\highlevelapi\x64\release\level.obj
c:\users\bar_b\documents\github\c_retroplus_joctopus\jocktopus_frogger_v0.01\bar.benzvi.cs230project5\highlevelapi\x64\release\intersection2d.obj
c:\users\bar_b\documents\github\c_retroplus_joctopus\jocktopus_frogger_v0.01\bar.benzvi.cs230project5\highlevelapi\x64\release\gameobjectmanager.obj
c:\users\bar_b\documents\github\c_retroplus_joctopus\jocktopus_frogger_v0.01\bar.benzvi.cs230project5\highlevelapi\x64\release\gameobjectfactory.obj
c:\users\bar_b\documents\github\c_retroplus_joctopus\jocktopus_frogger_v0.01\bar.benzvi.cs230project5\highlevelapi\x64\release\gameobject.obj
c:\users\bar_b\documents\github\c_retroplus_joctopus\jocktopus_frogger_v0.01\bar.benzvi.cs230project5\highlevelapi\x64\release\component.obj
c:\users\bar_b\documents\github\c_retroplus_joctopus\jocktopus_frogger_v0.01\bar.benzvi.cs230project5\highlevelapi\x64\release\collidertilemap.obj
c:\users\bar_b\documents\github\c_retroplus_joctopus\jocktopus_frogger_v0.01\bar.benzvi.cs230project5\highlevelapi\x64\release\colliderrectangle.obj
c:\users\bar_b\documents\github\c_retroplus_joctopus\jocktopus_frogger_v0.01\bar.benzvi.cs230project5\highlevelapi\x64\release\colliderpoint.obj
c:\users\bar_b\documents\github\c_retroplus_joctopus\jocktopus_frogger_v0.01\bar.benzvi.cs230project5\highlevelapi\x64\release\colliderline.obj
c:\users\bar_b\documents\github\c_retroplus_joctopus\jocktopus_frogger_v0.01\bar.benzvi.cs230project5\highlevelapi\x64\release\collidercircle.obj
c:\users\bar_b\documents\github\c_retroplus_joctopus\jocktopus_frogger_v0.01\bar.benzvi.cs230project5\highlevelapi\x64\release\collider.obj
c:\users\bar_b\documents\github\c_retroplus_joctopus\jocktopus_frogger_v0.01\bar.benzvi.cs230project5\highlevelapi\x64\release\animation.obj
c:\users\bar_b\documents\github\c_retroplus_joctopus\jocktopus_frogger_v0.01\bar.benzvi.cs230project5\highlevelapi\x64\release\transform.obj
c:\users\bar_b\documents\github\c_retroplus_joctopus\jocktopus_frogger_v0.01\bar.benzvi.cs230project5\highlevelapi\x64\release\tilemap.obj
c:\users\bar_b\documents\github\c_retroplus_joctopus\jocktopus_frogger_v0.01\bar.benzvi.cs230project5\highlevelapi\x64\release\spritetilemap.obj
c:\users\bar_b\documents\github\c_retroplus_joctopus\jocktopus_frogger_v0.01\bar.benzvi.cs230project5\highlevelapi\x64\release\spritetext.obj
c:\users\bar_b\documents\github\c_retroplus_joctopus\jocktopus_frogger_v0.01\bar.benzvi.cs230project5\highlevelapi\x64\release\spritesource.obj
c:\users\bar_b\documents\github\c_retroplus_joctopus\jocktopus_frogger_v0.01\bar.benzvi.cs230project5\highlevelapi\x64\release\sprite.obj
c:\users\bar_b\documents\github\c_retroplus_joctopus\jocktopus_frogger_v0.01\bar.benzvi.cs230project5\highlevelapi\lib\betahigh_x64.lib
c:\users\bar_b\documents\github\c_retroplus_joctopus\jocktopus_frogger_v0.01\bar.benzvi.cs230project5\highlevelapi\\lib\betahigh_x64.pdb
c:\users\bar_b\documents\github\c_retroplus_joctopus\jocktopus_frogger_v0.01\bar.benzvi.cs230project5\highlevelapi\\lib\betahigh_x64.lib
c:\users\bar_b\documents\github\c_retroplus_joctopus\jocktopus_frogger_v0.01\bar.benzvi.cs230project5\highlevelapi\x64\release\highlevelapi.tlog\cl.command.1.tlog
c:\users\bar_b\documents\github\c_retroplus_joctopus\jocktopus_frogger_v0.01\bar.benzvi.cs230project5\highlevelapi\x64\release\highlevelapi.tlog\cl.read.1.tlog
c:\users\bar_b\documents\github\c_retroplus_joctopus\jocktopus_frogger_v0.01\bar.benzvi.cs230project5\highlevelapi\x64\release\highlevelapi.tlog\cl.write.1.tlog
c:\users\bar_b\documents\github\c_retroplus_joctopus\jocktopus_frogger_v0.01\bar.benzvi.cs230project5\highlevelapi\x64\release\highlevelapi.tlog\lib-link.read.1.tlog
c:\users\bar_b\documents\github\c_retroplus_joctopus\jocktopus_frogger_v0.01\bar.benzvi.cs230project5\highlevelapi\x64\release\highlevelapi.tlog\lib-link.write.1.tlog
c:\users\bar_b\documents\github\c_retroplus_joctopus\jocktopus_frogger_v0.01\bar.benzvi.cs230project5\highlevelapi\x64\release\highlevelapi.tlog\lib.command.1.tlog
