c:\users\bar.benzvi\documents\github\c_retroplus_joctopus\jocktopus_frogger_v0.01\bar.benzvi.cs230project5\x64\release\betaframework.pch
c:\users\bar.benzvi\documents\github\c_retroplus_joctopus\jocktopus_frogger_v0.01\bar.benzvi.cs230project5\x64\release\vc141.pdb
c:\users\bar.benzvi\documents\github\c_retroplus_joctopus\jocktopus_frogger_v0.01\bar.benzvi.cs230project5\x64\release\stdafx.obj
c:\users\bar.benzvi\documents\github\c_retroplus_joctopus\jocktopus_frogger_v0.01\bar.benzvi.cs230project5\x64\release\timeddeath.obj
c:\users\bar.benzvi\documents\github\c_retroplus_joctopus\jocktopus_frogger_v0.01\bar.benzvi.cs230project5\x64\release\screenwrap.obj
c:\users\bar.benzvi\documents\github\c_retroplus_joctopus\jocktopus_frogger_v0.01\bar.benzvi.cs230project5\x64\release\purplefrogmovement.obj
c:\users\bar.benzvi\documents\github\c_retroplus_joctopus\jocktopus_frogger_v0.01\bar.benzvi.cs230project5\x64\release\playership.obj
c:\users\bar.benzvi\documents\github\c_retroplus_joctopus\jocktopus_frogger_v0.01\bar.benzvi.cs230project5\x64\release\playerprojectile.obj
c:\users\bar.benzvi\documents\github\c_retroplus_joctopus\jocktopus_frogger_v0.01\bar.benzvi.cs230project5\x64\release\omega.obj
c:\users\bar.benzvi\documents\github\c_retroplus_joctopus\jocktopus_frogger_v0.01\bar.benzvi.cs230project5\x64\release\monkeymovement.obj
c:\users\bar.benzvi\documents\github\c_retroplus_joctopus\jocktopus_frogger_v0.01\bar.benzvi.cs230project5\x64\release\main.obj
c:\users\bar.benzvi\documents\github\c_retroplus_joctopus\jocktopus_frogger_v0.01\bar.benzvi.cs230project5\x64\release\level3.obj
c:\users\bar.benzvi\documents\github\c_retroplus_joctopus\jocktopus_frogger_v0.01\bar.benzvi.cs230project5\x64\release\level1.obj
c:\users\bar.benzvi\documents\github\c_retroplus_joctopus\jocktopus_frogger_v0.01\bar.benzvi.cs230project5\x64\release\level2.obj
c:\users\bar.benzvi\documents\github\c_retroplus_joctopus\jocktopus_frogger_v0.01\bar.benzvi.cs230project5\x64\release\itemmovement.obj
c:\users\bar.benzvi\documents\github\c_retroplus_joctopus\jocktopus_frogger_v0.01\bar.benzvi.cs230project5\x64\release\frogmovement.obj
c:\users\bar.benzvi\documents\github\c_retroplus_joctopus\jocktopus_frogger_v0.01\bar.benzvi.cs230project5\x64\release\colorchange.obj
c:\users\bar.benzvi\documents\github\c_retroplus_joctopus\jocktopus_frogger_v0.01\bar.benzvi.cs230project5\x64\release\asteroid.obj
c:\users\bar.benzvi\documents\github\c_retroplus_joctopus\jocktopus_frogger_v0.01\bar.benzvi.cs230project5\x64\release\cs230project4.tlog\cl.command.1.tlog
c:\users\bar.benzvi\documents\github\c_retroplus_joctopus\jocktopus_frogger_v0.01\bar.benzvi.cs230project5\x64\release\cs230project4.tlog\cl.read.1.tlog
c:\users\bar.benzvi\documents\github\c_retroplus_joctopus\jocktopus_frogger_v0.01\bar.benzvi.cs230project5\x64\release\cs230project4.tlog\cl.write.1.tlog
c:\users\bar.benzvi\documents\github\c_retroplus_joctopus\jocktopus_frogger_v0.01\bar.benzvi.cs230project5\x64\release\cs230project4.tlog\link.command.1.tlog
c:\users\bar.benzvi\documents\github\c_retroplus_joctopus\jocktopus_frogger_v0.01\bar.benzvi.cs230project5\x64\release\cs230project4.tlog\link.read.1.tlog
c:\users\bar.benzvi\documents\github\c_retroplus_joctopus\jocktopus_frogger_v0.01\bar.benzvi.cs230project5\x64\release\cs230project4.tlog\link.write.1.tlog
